# JRE version: Java(TM) SE Runtime Environment (8.0_05-b13) (build 1.8.0_05-b13)
# Java VM: Java HotSpot(TM) 64-Bit Server VM (25.5-b02 mixed mode windows-amd64 compressed oops)
Heap:
 PSYoungGen      total 47104K, used 26399K [0x00000007bc400000, 0x00000007c0000000, 0x00000007c0000000)
  eden space 33792K, 76% used [0x00000007bc400000,0x00000007bdd3be80,0x00000007be500000)
  from space 13312K, 4% used [0x00000007be500000,0x00000007be58c010,0x00000007bf200000)
  to   space 12800K, 0% used [0x00000007bf380000,0x00000007bf380000,0x00000007c0000000)
 ParOldGen       total 136704K, used 90488K [0x0000000700000000, 0x0000000708580000, 0x00000007bc400000)
  object space 136704K, 66% used [0x0000000700000000,0x000000070585e1e8,0x0000000708580000)
 Metaspace       used 65257K, capacity 65681K, committed 66176K, reserved 1105920K
  class space    used 9709K, capacity 9777K, committed 9856K, reserved 1048576K
GC Heap History (10 events):
Event: 7891.050 GC heap before
{Heap before GC invocations=137 (full 10):
 PSYoungGen      total 45056K, used 27838K [0x00000007bc400000, 0x00000007c0000000, 0x00000007c0000000)
  eden space 27648K, 99% used [0x00000007bc400000,0x00000007bdeff900,0x00000007bdf00000)
  from space 17408K, 1% used [0x00000007bef00000,0x00000007bef30000,0x00000007c0000000)
  to   space 16384K, 0% used [0x00000007bdf00000,0x00000007bdf00000,0x00000007bef00000)
 ParOldGen       total 136704K, used 90053K [0x0000000700000000, 0x0000000708580000, 0x00000007bc400000)
  object space 136704K, 65% used [0x0000000700000000,0x00000007057f1728,0x0000000708580000)
 Metaspace       used 65221K, capacity 65617K, committed 66176K, reserved 1105920K
  class space    used 9703K, capacity 9777K, committed 9856K, reserved 1048576K
Event: 7891.052 GC heap after
Heap after GC invocations=137 (full 10):
 PSYoungGen      total 44032K, used 256K [0x00000007bc400000, 0x00000007c0000000, 0x00000007c0000000)
  eden space 27648K, 0% used [0x00000007bc400000,0x00000007bc400000,0x00000007bdf00000)
  from space 16384K, 1% used [0x00000007bdf00000,0x00000007bdf40000,0x00000007bef00000)
  to   space 15872K, 0% used [0x00000007bf080000,0x00000007bf080000,0x00000007c0000000)
 ParOldGen       total 136704K, used 90069K [0x0000000700000000, 0x0000000708580000, 0x00000007bc400000)
  object space 136704K, 65% used [0x0000000700000000,0x00000007057f5728,0x0000000708580000)
 Metaspace       used 65221K, capacity 65617K, committed 66176K, reserved 1105920K
  class space    used 9703K, capacity 9777K, committed 9856K, reserved 1048576K
}
Event: 7891.540 GC heap before
{Heap before GC invocations=138 (full 10):
 PSYoungGen      total 44032K, used 27896K [0x00000007bc400000, 0x00000007c0000000, 0x00000007c0000000)
  eden space 27648K, 99% used [0x00000007bc400000,0x00000007bdefe308,0x00000007bdf00000)
  from space 16384K, 1% used [0x00000007bdf00000,0x00000007bdf40000,0x00000007bef00000)
  to   space 15872K, 0% used [0x00000007bf080000,0x00000007bf080000,0x00000007c0000000)
 ParOldGen       total 136704K, used 90069K [0x0000000700000000, 0x0000000708580000, 0x00000007bc400000)
  object space 136704K, 65% used [0x0000000700000000,0x00000007057f5728,0x0000000708580000)
 Metaspace       used 65221K, capacity 65617K, committed 66176K, reserved 1105920K
  class space    used 9703K, capacity 9777K, committed 9856K, reserved 1048576K
Event: 7891.549 GC heap after
Heap after GC invocations=138 (full 10):
 PSYoungGen      total 46592K, used 224K [0x00000007bc400000, 0x00000007c0000000, 0x00000007c0000000)
  eden space 30720K, 0% used [0x00000007bc400000,0x00000007bc400000,0x00000007be200000)
  from space 15872K, 1% used [0x00000007bf080000,0x00000007bf0b8000,0x00000007c0000000)
  to   space 14848K, 0% used [0x00000007be200000,0x00000007be200000,0x00000007bf080000)
 ParOldGen       total 136704K, used 90085K [0x0000000700000000, 0x0000000708580000, 0x00000007bc400000)
  object space 136704K, 65% used [0x0000000700000000,0x00000007057f9728,0x0000000708580000)
 Metaspace       used 65221K, capacity 65617K, committed 66176K, reserved 1105920K
  class space    used 9703K, capacity 9777K, committed 9856K, reserved 1048576K
}
Event: 7892.637 GC heap before
{Heap before GC invocations=139 (full 10):
 PSYoungGen      total 46592K, used 30944K [0x00000007bc400000, 0x00000007c0000000, 0x00000007c0000000)
  eden space 30720K, 100% used [0x00000007bc400000,0x00000007be200000,0x00000007be200000)
  from space 15872K, 1% used [0x00000007bf080000,0x00000007bf0b8000,0x00000007c0000000)
  to   space 14848K, 0% used [0x00000007be200000,0x00000007be200000,0x00000007bf080000)
 ParOldGen       total 136704K, used 90085K [0x0000000700000000, 0x0000000708580000, 0x00000007bc400000)
  object space 136704K, 65% used [0x0000000700000000,0x00000007057f9728,0x0000000708580000)
 Metaspace       used 65234K, capacity 65617K, committed 66176K, reserved 1105920K
  class space    used 9704K, capacity 9777K, committed 9856K, reserved 1048576K
Event: 7892.642 GC heap after
Heap after GC invocations=139 (full 10):
 PSYoungGen      total 45568K, used 672K [0x00000007bc400000, 0x00000007c0000000, 0x00000007c0000000)
  eden space 30720K, 0% used [0x00000007bc400000,0x00000007bc400000,0x00000007be200000)
  from space 14848K, 4% used [0x00000007be200000,0x00000007be2a8130,0x00000007bf080000)
  to   space 14336K, 0% used [0x00000007bf200000,0x00000007bf200000,0x00000007c0000000)
 ParOldGen       total 136704K, used 90101K [0x0000000700000000, 0x0000000708580000, 0x00000007bc400000)
  object space 136704K, 65% used [0x0000000700000000,0x00000007057fd728,0x0000000708580000)
 Metaspace       used 65234K, capacity 65617K, committed 66176K, reserved 1105920K
  class space    used 9704K, capacity 9777K, committed 9856K, reserved 1048576K
}
Event: 7892.782 GC heap before
{Heap before GC invocations=140 (full 10):
 PSYoungGen      total 45568K, used 31386K [0x00000007bc400000, 0x00000007c0000000, 0x00000007c0000000)
  eden space 30720K, 99% used [0x00000007bc400000,0x00000007be1fe888,0x00000007be200000)
  from space 14848K, 4% used [0x00000007be200000,0x00000007be2a8130,0x00000007bf080000)
  to   space 14336K, 0% used [0x00000007bf200000,0x00000007bf200000,0x00000007c0000000)
 ParOldGen       total 136704K, used 90101K [0x0000000700000000, 0x0000000708580000, 0x00000007bc400000)
  object space 136704K, 65% used [0x0000000700000000,0x00000007057fd728,0x0000000708580000)
 Metaspace       used 65234K, capacity 65617K, committed 66176K, reserved 1105920K
  class space    used 9704K, capacity 9777K, committed 9856K, reserved 1048576K
Event: 7892.785 GC heap after
Heap after GC invocations=140 (full 10):
 PSYoungGen      total 48128K, used 288K [0x00000007bc400000, 0x00000007c0000000, 0x00000007c0000000)
  eden space 33792K, 0% used [0x00000007bc400000,0x00000007bc400000,0x00000007be500000)
  from space 14336K, 2% used [0x00000007bf200000,0x00000007bf248000,0x00000007c0000000)
  to   space 13312K, 0% used [0x00000007be500000,0x00000007be500000,0x00000007bf200000)
 ParOldGen       total 136704K, used 90448K [0x0000000700000000, 0x0000000708580000, 0x00000007bc400000)
  object space 136704K, 66% used [0x0000000700000000,0x00000007058541e8,0x0000000708580000)
 Metaspace       used 65234K, capacity 65617K, committed 66176K, reserved 1105920K
  class space    used 9704K, capacity 9777K, committed 9856K, reserved 1048576K
}
Event: 7893.646 GC heap before
{Heap before GC invocations=141 (full 10):
 PSYoungGen      total 48128K, used 34080K [0x00000007bc400000, 0x00000007c0000000, 0x00000007c0000000)
  eden space 33792K, 100% used [0x00000007bc400000,0x00000007be500000,0x00000007be500000)
  from space 14336K, 2% used [0x00000007bf200000,0x00000007bf248000,0x00000007c0000000)
  to   space 13312K, 0% used [0x00000007be500000,0x00000007be500000,0x00000007bf200000)
 ParOldGen       total 136704K, used 90448K [0x0000000700000000, 0x0000000708580000, 0x00000007bc400000)
  object space 136704K, 66% used [0x0000000700000000,0x00000007058541e8,0x0000000708580000)
 Metaspace       used 65246K, capacity 65617K, committed 66176K, reserved 1105920K
  class space    used 9709K, capacity 9777K, committed 9856K, reserved 1048576K
Event: 7893.649 GC heap after
Heap after GC invocations=141 (full 10):
 PSYoungGen      total 47104K, used 560K [0x00000007bc400000, 0x00000007c0000000, 0x00000007c0000000)
  eden space 33792K, 0% used [0x00000007bc400000,0x00000007bc400000,0x00000007be500000)
  from space 13312K, 4% used [0x00000007be500000,0x00000007be58c010,0x00000007bf200000)
  to   space 12800K, 0% used [0x00000007bf380000,0x00000007bf380000,0x00000007c0000000)
 ParOldGen       total 136704K, used 90488K [0x0000000700000000, 0x0000000708580000, 0x00000007bc400000)
  object space 136704K, 66% used [0x0000000700000000,0x000000070585e1e8,0x0000000708580000)
 Metaspace       used 65246K, capacity 65617K, committed 66176K, reserved 1105920K
  class space    used 9709K, capacity 9777K, committed 9856K, reserved 1048576K
}

